<html>
<head>
<title>TestNG:  Default test</title>
<link href="../testng.css" rel="stylesheet" type="text/css" />
<link href="../my-testng.css" rel="stylesheet" type="text/css" />

<style type="text/css">
.log { display: none;} 
.stack-trace { display: none;} 
</style>
<script type="text/javascript">
<!--
function flip(e) {
  current = e.style.display;
  if (current == 'block') {
    e.style.display = 'none';
    return 0;
  }
  else {
    e.style.display = 'block';
    return 1;
  }
}

function toggleBox(szDivId, elem, msg1, msg2)
{
  var res = -1;  if (document.getElementById) {
    res = flip(document.getElementById(szDivId));
  }
  else if (document.all) {
    // this is the way old msie versions work
    res = flip(document.all[szDivId]);
  }
  if(elem) {
    if(res == 0) elem.innerHTML = msg1; else elem.innerHTML = msg2;
  }

}

function toggleAllBoxes() {
  if (document.getElementsByTagName) {
    d = document.getElementsByTagName('div');
    for (i = 0; i < d.length; i++) {
      if (d[i].className == 'log') {
        flip(d[i]);
      }
    }
  }
}

// -->
</script>

</head>
<body>
<h2 align='center'>Default test</h2><table border='1' align="center">
<tr>
<td>Tests passed/Failed/Skipped:</td><td>29/2/0</td>
</tr><tr>
<td>Started on:</td><td>Tue Aug 16 09:30:30 IST 2022</td>
</tr>
<tr><td>Total time:</td><td>361 seconds (361643 ms)</td>
</tr><tr>
<td>Included groups:</td><td></td>
</tr><tr>
<td>Excluded groups:</td><td></td>
</tr>
</table><p/>
<small><i>(Hover the method name to see the test class name)</i></small><p/>
<table width='100%' border='1' class='invocation-failed'>
<tr><td colspan='4' align='center'><b>FAILED TESTS</b></td></tr>
<tr><td><b>Test method</b></td>
<td width="30%"><b>Exception</b></td>
<td width="10%"><b>Time (seconds)</b></td>
<td><b>Instance</b></td>
</tr>
<tr>
<td title='testing_baba_test.TestingBaba_Main_Test.ValidateGetInTouch()'><b>ValidateGetInTouch</b><br>Test class: testing_baba_test.TestingBaba_Main_Test</td>
<td><div><pre>java.lang.AssertionError: expected [Get In Touch
H-161 SECTOR-63 BSI Business Park,
Noida,India
Mail: info@testingbaba.com] but found [Get In Touch
H-161 SECTOR-63 BSI Business Park,
Noida,India
Mail: info@testingbaba.com]
	at org.testng.Assert.fail(Assert.java:99)
	at org.testng.Assert.failNotEquals(Assert.java:1037)
	at org.testng.Assert.assertEqualsImpl(Assert.java:140)
	at org.testng.Assert.assertEquals(Assert.java:122)
	at org.testng.Assert.assertEquals(Assert.java:629)
	at org.testng.Assert.assertEquals(Assert.java:639)
	at testing_baba_page.TestingBaba_Main_Page.ValidateGetInTouch(TestingBaba_Main_Page.java:541)
	at testing_baba_test.TestingBaba_Main_Test.ValidateGetInTouch(TestingBaba_Main_Test.java:202)
	at java.base/jdk.internal.reflect.NativeMethodAccessorImpl.invoke0(Native Method)
	at java.base/jdk.internal.reflect.NativeMethodAccessorImpl.invoke(NativeMethodAccessorImpl.java:77)
	at java.base/jdk.internal.reflect.DelegatingMethodAccessorImpl.invoke(DelegatingMethodAccessorImpl.java:43)
	at java.base/java.lang.reflect.Method.invoke(Method.java:568)
	at org.testng.internal.MethodInvocationHelper.invokeMethod(MethodInvocationHelper.java:133)
	at org.testng.internal.TestInvoker.invokeMethod(TestInvoker.java:598)
	at org.testng.internal.TestInvoker.invokeTestMethod(TestInvoker.java:173)
	at org.testng.internal.MethodRunner.runInSequence(MethodRunner.java:46)
	at org.testng.internal.TestInvoker$MethodInvocationAgent.invoke(TestInvoker.java:824)
	at org.testng.internal.TestInvoker.invokeTestMethods(TestInvoker.java:146)
	at org.testng.internal.TestMethodWorker.invokeTestMethods(TestMethodWorker.java:146)
	at org.testng.internal.TestMethodWorker.run(TestMethodWorker.java:128)
	at java.base/java.util.ArrayList.forEach(ArrayList.java:1511)
	at org.testng.TestRunner.privateRun(TestRunner.java:794)
	at org.testng.TestRunner.run(TestRunner.java:596)
	at org.testng.SuiteRunner.runTest(SuiteRunner.java:377)
	at org.testng.SuiteRunner.runSequentially(SuiteRunner.java:371)
	at org.testng.SuiteRunner.privateRun(SuiteRunner.java:332)
	at org.testng.SuiteRunner.run(SuiteRunner.java:276)
	at org.testng.SuiteRunnerWorker.runSuite(SuiteRunnerWorker.java:53)
	at org.testng.SuiteRunnerWorker.run(SuiteRunnerWorker.java:96)
	at org.testng.TestNG.runSuitesSequentially(TestNG.java:1212)
	at org.testng.TestNG.runSuitesLocally(TestNG.java:1134)
	at org.testng.TestNG.runSuites(TestNG.java:1063)
	at org.testng.TestNG.run(TestNG.java:1031)
	at org.testng.remote.AbstractRemoteTestNG.run(AbstractRemoteTestNG.java:115)
	at org.testng.remote.RemoteTestNG.initAndRun(RemoteTestNG.java:251)
	at org.testng.remote.RemoteTestNG.main(RemoteTestNG.java:77)
</pre></div><a href='#' onClick='toggleBox("stack-trace1717967062", this, "Click to show all stack frames", "Click to hide stack frames")'>Click to show all stack frames</a>
<div class='stack-trace' id='stack-trace1717967062'><pre>java.lang.AssertionError: expected [Get In Touch
H-161 SECTOR-63 BSI Business Park,
Noida,India
Mail: info@testingbaba.com] but found [Get In Touch
H-161 SECTOR-63 BSI Business Park,
Noida,India
Mail: info@testingbaba.com]
	at org.testng.Assert.fail(Assert.java:99)
	at org.testng.Assert.failNotEquals(Assert.java:1037)
	at org.testng.Assert.assertEqualsImpl(Assert.java:140)
	at org.testng.Assert.assertEquals(Assert.java:122)
	at org.testng.Assert.assertEquals(Assert.java:629)
	at org.testng.Assert.assertEquals(Assert.java:639)
	at testing_baba_page.TestingBaba_Main_Page.ValidateGetInTouch(TestingBaba_Main_Page.java:541)
	at testing_baba_test.TestingBaba_Main_Test.ValidateGetInTouch(TestingBaba_Main_Test.java:202)
	at java.base/jdk.internal.reflect.NativeMethodAccessorImpl.invoke0(Native Method)
	at java.base/jdk.internal.reflect.NativeMethodAccessorImpl.invoke(NativeMethodAccessorImpl.java:77)
	at java.base/jdk.internal.reflect.DelegatingMethodAccessorImpl.invoke(DelegatingMethodAccessorImpl.java:43)
	at java.base/java.lang.reflect.Method.invoke(Method.java:568)
	at org.testng.internal.MethodInvocationHelper.invokeMethod(MethodInvocationHelper.java:133)
	at org.testng.internal.TestInvoker.invokeMethod(TestInvoker.java:598)
	at org.testng.internal.TestInvoker.invokeTestMethod(TestInvoker.java:173)
	at org.testng.internal.MethodRunner.runInSequence(MethodRunner.java:46)
	at org.testng.internal.TestInvoker$MethodInvocationAgent.invoke(TestInvoker.java:824)
	at org.testng.internal.TestInvoker.invokeTestMethods(TestInvoker.java:146)
	at org.testng.internal.TestMethodWorker.invokeTestMethods(TestMethodWorker.java:146)
	at org.testng.internal.TestMethodWorker.run(TestMethodWorker.java:128)
	at java.base/java.util.ArrayList.forEach(ArrayList.java:1511)
	at org.testng.TestRunner.privateRun(TestRunner.java:794)
	at org.testng.TestRunner.run(TestRunner.java:596)
	at org.testng.SuiteRunner.runTest(SuiteRunner.java:377)
	at org.testng.SuiteRunner.runSequentially(SuiteRunner.java:371)
	at org.testng.SuiteRunner.privateRun(SuiteRunner.java:332)
	at org.testng.SuiteRunner.run(SuiteRunner.java:276)
	at org.testng.SuiteRunnerWorker.runSuite(SuiteRunnerWorker.java:53)
	at org.testng.SuiteRunnerWorker.run(SuiteRunnerWorker.java:96)
	at org.testng.TestNG.runSuitesSequentially(TestNG.java:1212)
	at org.testng.TestNG.runSuitesLocally(TestNG.java:1134)
	at org.testng.TestNG.runSuites(TestNG.java:1063)
	at org.testng.TestNG.run(TestNG.java:1031)
	at org.testng.remote.AbstractRemoteTestNG.run(AbstractRemoteTestNG.java:115)
	at org.testng.remote.RemoteTestNG.initAndRun(RemoteTestNG.java:251)
	at org.testng.remote.RemoteTestNG.main(RemoteTestNG.java:77)
</pre></div></td>
<td>6</td>
<td>testing_baba_test.TestingBaba_Main_Test@2d710f1a</td></tr>
<tr>
<td title='testing_baba_test.TestingBaba_Main_Test.TextofEmail()'><b>TextofEmail</b><br>Test class: testing_baba_test.TestingBaba_Main_Test</td>
<td><div><pre>java.lang.AssertionError: expected [Email us on
info@testingbaba.com] but found [Email us on
info@testingbaba.com]
	at org.testng.Assert.fail(Assert.java:99)
	at org.testng.Assert.failNotEquals(Assert.java:1037)
	at org.testng.Assert.assertEqualsImpl(Assert.java:140)
	at org.testng.Assert.assertEquals(Assert.java:122)
	at org.testng.Assert.assertEquals(Assert.java:629)
	at org.testng.Assert.assertEquals(Assert.java:639)
	at testing_baba_page.TestingBaba_Main_Page.TextofEmail(TestingBaba_Main_Page.java:288)
	at testing_baba_test.TestingBaba_Main_Test.TextofEmail(TestingBaba_Main_Test.java:106)
	at java.base/jdk.internal.reflect.NativeMethodAccessorImpl.invoke0(Native Method)
	at java.base/jdk.internal.reflect.NativeMethodAccessorImpl.invoke(NativeMethodAccessorImpl.java:77)
	at java.base/jdk.internal.reflect.DelegatingMethodAccessorImpl.invoke(DelegatingMethodAccessorImpl.java:43)
	at java.base/java.lang.reflect.Method.invoke(Method.java:568)
	at org.testng.internal.MethodInvocationHelper.invokeMethod(MethodInvocationHelper.java:133)
	at org.testng.internal.TestInvoker.invokeMethod(TestInvoker.java:598)
	at org.testng.internal.TestInvoker.invokeTestMethod(TestInvoker.java:173)
	at org.testng.internal.MethodRunner.runInSequence(MethodRunner.java:46)
	at org.testng.internal.TestInvoker$MethodInvocationAgent.invoke(TestInvoker.java:824)
	at org.testng.internal.TestInvoker.invokeTestMethods(TestInvoker.java:146)
	at org.testng.internal.TestMethodWorker.invokeTestMethods(TestMethodWorker.java:146)
	at org.testng.internal.TestMethodWorker.run(TestMethodWorker.java:128)
	at java.base/java.util.ArrayList.forEach(ArrayList.java:1511)
	at org.testng.TestRunner.privateRun(TestRunner.java:794)
	at org.testng.TestRunner.run(TestRunner.java:596)
	at org.testng.SuiteRunner.runTest(SuiteRunner.java:377)
	at org.testng.SuiteRunner.runSequentially(SuiteRunner.java:371)
	at org.testng.SuiteRunner.privateRun(SuiteRunner.java:332)
	at org.testng.SuiteRunner.run(SuiteRunner.java:276)
	at org.testng.SuiteRunnerWorker.runSuite(SuiteRunnerWorker.java:53)
	at org.testng.SuiteRunnerWorker.run(SuiteRunnerWorker.java:96)
	at org.testng.TestNG.runSuitesSequentially(TestNG.java:1212)
	at org.testng.TestNG.runSuitesLocally(TestNG.java:1134)
	at org.testng.TestNG.runSuites(TestNG.java:1063)
	at org.testng.TestNG.run(TestNG.java:1031)
	at org.testng.remote.AbstractRemoteTestNG.run(AbstractRemoteTestNG.java:115)
	at org.testng.remote.RemoteTestNG.initAndRun(RemoteTestNG.java:251)
	at org.testng.remote.RemoteTestNG.main(RemoteTestNG.java:77)
</pre></div><a href='#' onClick='toggleBox("stack-trace407380973", this, "Click to show all stack frames", "Click to hide stack frames")'>Click to show all stack frames</a>
<div class='stack-trace' id='stack-trace407380973'><pre>java.lang.AssertionError: expected [Email us on
info@testingbaba.com] but found [Email us on
info@testingbaba.com]
	at org.testng.Assert.fail(Assert.java:99)
	at org.testng.Assert.failNotEquals(Assert.java:1037)
	at org.testng.Assert.assertEqualsImpl(Assert.java:140)
	at org.testng.Assert.assertEquals(Assert.java:122)
	at org.testng.Assert.assertEquals(Assert.java:629)
	at org.testng.Assert.assertEquals(Assert.java:639)
	at testing_baba_page.TestingBaba_Main_Page.TextofEmail(TestingBaba_Main_Page.java:288)
	at testing_baba_test.TestingBaba_Main_Test.TextofEmail(TestingBaba_Main_Test.java:106)
	at java.base/jdk.internal.reflect.NativeMethodAccessorImpl.invoke0(Native Method)
	at java.base/jdk.internal.reflect.NativeMethodAccessorImpl.invoke(NativeMethodAccessorImpl.java:77)
	at java.base/jdk.internal.reflect.DelegatingMethodAccessorImpl.invoke(DelegatingMethodAccessorImpl.java:43)
	at java.base/java.lang.reflect.Method.invoke(Method.java:568)
	at org.testng.internal.MethodInvocationHelper.invokeMethod(MethodInvocationHelper.java:133)
	at org.testng.internal.TestInvoker.invokeMethod(TestInvoker.java:598)
	at org.testng.internal.TestInvoker.invokeTestMethod(TestInvoker.java:173)
	at org.testng.internal.MethodRunner.runInSequence(MethodRunner.java:46)
	at org.testng.internal.TestInvoker$MethodInvocationAgent.invoke(TestInvoker.java:824)
	at org.testng.internal.TestInvoker.invokeTestMethods(TestInvoker.java:146)
	at org.testng.internal.TestMethodWorker.invokeTestMethods(TestMethodWorker.java:146)
	at org.testng.internal.TestMethodWorker.run(TestMethodWorker.java:128)
	at java.base/java.util.ArrayList.forEach(ArrayList.java:1511)
	at org.testng.TestRunner.privateRun(TestRunner.java:794)
	at org.testng.TestRunner.run(TestRunner.java:596)
	at org.testng.SuiteRunner.runTest(SuiteRunner.java:377)
	at org.testng.SuiteRunner.runSequentially(SuiteRunner.java:371)
	at org.testng.SuiteRunner.privateRun(SuiteRunner.java:332)
	at org.testng.SuiteRunner.run(SuiteRunner.java:276)
	at org.testng.SuiteRunnerWorker.runSuite(SuiteRunnerWorker.java:53)
	at org.testng.SuiteRunnerWorker.run(SuiteRunnerWorker.java:96)
	at org.testng.TestNG.runSuitesSequentially(TestNG.java:1212)
	at org.testng.TestNG.runSuitesLocally(TestNG.java:1134)
	at org.testng.TestNG.runSuites(TestNG.java:1063)
	at org.testng.TestNG.run(TestNG.java:1031)
	at org.testng.remote.AbstractRemoteTestNG.run(AbstractRemoteTestNG.java:115)
	at org.testng.remote.RemoteTestNG.initAndRun(RemoteTestNG.java:251)
	at org.testng.remote.RemoteTestNG.main(RemoteTestNG.java:77)
</pre></div></td>
<td>4</td>
<td>testing_baba_test.TestingBaba_Main_Test@2d710f1a</td></tr>
</table><p>
<table width='100%' border='1' class='invocation-passed'>
<tr><td colspan='4' align='center'><b>PASSED TESTS</b></td></tr>
<tr><td><b>Test method</b></td>
<td width="30%"><b>Exception</b></td>
<td width="10%"><b>Time (seconds)</b></td>
<td><b>Instance</b></td>
</tr>
<tr>
<td title='testing_baba_test.TestingBaba_Main_Test.VerifyNoOfPlacements()'><b>VerifyNoOfPlacements</b><br>Test class: testing_baba_test.TestingBaba_Main_Test</td>
<td></td>
<td>8</td>
<td>testing_baba_test.TestingBaba_Main_Test@2d710f1a</td></tr>
<tr>
<td title='testing_baba_test.TestingBaba_Main_Test.clickonAbout()'><b>clickonAbout</b><br>Test class: testing_baba_test.TestingBaba_Main_Test</td>
<td></td>
<td>6</td>
<td>testing_baba_test.TestingBaba_Main_Test@2d710f1a</td></tr>
<tr>
<td title='testing_baba_test.TestingBaba_Main_Test.VerifyPlacementDetail3()'><b>VerifyPlacementDetail3</b><br>Test class: testing_baba_test.TestingBaba_Main_Test</td>
<td></td>
<td>12</td>
<td>testing_baba_test.TestingBaba_Main_Test@2d710f1a</td></tr>
<tr>
<td title='testing_baba_test.TestingBaba_Main_Test.ValidateRegisterNow()'><b>ValidateRegisterNow</b><br>Test class: testing_baba_test.TestingBaba_Main_Test</td>
<td></td>
<td>25</td>
<td>testing_baba_test.TestingBaba_Main_Test@2d710f1a</td></tr>
<tr>
<td title='testing_baba_test.TestingBaba_Main_Test.clickonHome()'><b>clickonHome</b><br>Test class: testing_baba_test.TestingBaba_Main_Test</td>
<td></td>
<td>5</td>
<td>testing_baba_test.TestingBaba_Main_Test@2d710f1a</td></tr>
<tr>
<td title='testing_baba_test.TestingBaba_Main_Test.VerifyHeading()'><b>VerifyHeading</b><br>Test class: testing_baba_test.TestingBaba_Main_Test</td>
<td></td>
<td>4</td>
<td>testing_baba_test.TestingBaba_Main_Test@2d710f1a</td></tr>
<tr>
<td title='testing_baba_test.TestingBaba_Main_Test.VerifyPlacementDetail4()'><b>VerifyPlacementDetail4</b><br>Test class: testing_baba_test.TestingBaba_Main_Test</td>
<td></td>
<td>12</td>
<td>testing_baba_test.TestingBaba_Main_Test@2d710f1a</td></tr>
<tr>
<td title='testing_baba_test.TestingBaba_Main_Test.clickonContact()'><b>clickonContact</b><br>Test class: testing_baba_test.TestingBaba_Main_Test</td>
<td></td>
<td>14</td>
<td>testing_baba_test.TestingBaba_Main_Test@2d710f1a</td></tr>
<tr>
<td title='testing_baba_test.TestingBaba_Main_Test.clickonPractice()'><b>clickonPractice</b><br>Test class: testing_baba_test.TestingBaba_Main_Test</td>
<td></td>
<td>9</td>
<td>testing_baba_test.TestingBaba_Main_Test@2d710f1a</td></tr>
<tr>
<td title='testing_baba_test.TestingBaba_Main_Test.VerifyPlacementDetail2()'><b>VerifyPlacementDetail2</b><br>Test class: testing_baba_test.TestingBaba_Main_Test</td>
<td></td>
<td>12</td>
<td>testing_baba_test.TestingBaba_Main_Test@2d710f1a</td></tr>
<tr>
<td title='testing_baba_test.TestingBaba_Main_Test.VerifyPlacementDetail1()'><b>VerifyPlacementDetail1</b><br>Test class: testing_baba_test.TestingBaba_Main_Test</td>
<td></td>
<td>12</td>
<td>testing_baba_test.TestingBaba_Main_Test@2d710f1a</td></tr>
<tr>
<td title='testing_baba_test.TestingBaba_Main_Test.GetDataofCourseLink()'><b>GetDataofCourseLink</b><br>Test class: testing_baba_test.TestingBaba_Main_Test</td>
<td></td>
<td>6</td>
<td>testing_baba_test.TestingBaba_Main_Test@2d710f1a</td></tr>
<tr>
<td title='testing_baba_test.TestingBaba_Main_Test.VerifyViewAll()'><b>VerifyViewAll</b><br>Test class: testing_baba_test.TestingBaba_Main_Test</td>
<td></td>
<td>4</td>
<td>testing_baba_test.TestingBaba_Main_Test@2d710f1a</td></tr>
<tr>
<td title='testing_baba_test.TestingBaba_Main_Test.clickonOnlineRegistration()'><b>clickonOnlineRegistration</b><br>Test class: testing_baba_test.TestingBaba_Main_Test</td>
<td></td>
<td>14</td>
<td>testing_baba_test.TestingBaba_Main_Test@2d710f1a</td></tr>
<tr>
<td title='testing_baba_test.TestingBaba_Main_Test.Scrolldown()'><b>Scrolldown</b><br>Test class: testing_baba_test.TestingBaba_Main_Test</td>
<td></td>
<td>4</td>
<td>testing_baba_test.TestingBaba_Main_Test@2d710f1a</td></tr>
<tr>
<td title='testing_baba_test.TestingBaba_Main_Test.validateCourses()'><b>validateCourses</b><br>Test class: testing_baba_test.TestingBaba_Main_Test</td>
<td></td>
<td>10</td>
<td>testing_baba_test.TestingBaba_Main_Test@2d710f1a</td></tr>
<tr>
<td title='testing_baba_test.TestingBaba_Main_Test.ScrollDowntoBottom()'><b>ScrollDowntoBottom</b><br>Test class: testing_baba_test.TestingBaba_Main_Test</td>
<td></td>
<td>4</td>
<td>testing_baba_test.TestingBaba_Main_Test@2d710f1a</td></tr>
<tr>
<td title='testing_baba_test.TestingBaba_Main_Test.clickonEvent()'><b>clickonEvent</b><br>Test class: testing_baba_test.TestingBaba_Main_Test</td>
<td></td>
<td>23</td>
<td>testing_baba_test.TestingBaba_Main_Test@2d710f1a</td></tr>
<tr>
<td title='testing_baba_test.TestingBaba_Main_Test.VerifyOurPlacementText()'><b>VerifyOurPlacementText</b><br>Test class: testing_baba_test.TestingBaba_Main_Test</td>
<td></td>
<td>4</td>
<td>testing_baba_test.TestingBaba_Main_Test@2d710f1a</td></tr>
<tr>
<td title='testing_baba_test.TestingBaba_Main_Test.clicokonPlacement()'><b>clicokonPlacement</b><br>Test class: testing_baba_test.TestingBaba_Main_Test</td>
<td></td>
<td>5</td>
<td>testing_baba_test.TestingBaba_Main_Test@2d710f1a</td></tr>
<tr>
<td title='testing_baba_test.TestingBaba_Main_Test.clickonCourses()'><b>clickonCourses</b><br>Test class: testing_baba_test.TestingBaba_Main_Test</td>
<td></td>
<td>10</td>
<td>testing_baba_test.TestingBaba_Main_Test@2d710f1a</td></tr>
<tr>
<td title='testing_baba_test.TestingBaba_Main_Test.InvalidnameinRegisterNow()'><b>InvalidnameinRegisterNow</b><br>Test class: testing_baba_test.TestingBaba_Main_Test</td>
<td></td>
<td>23</td>
<td>testing_baba_test.TestingBaba_Main_Test@2d710f1a</td></tr>
<tr>
<td title='testing_baba_test.TestingBaba_Main_Test.VerifyCeritifiedStaff()'><b>VerifyCeritifiedStaff</b><br>Test class: testing_baba_test.TestingBaba_Main_Test</td>
<td></td>
<td>8</td>
<td>testing_baba_test.TestingBaba_Main_Test@2d710f1a</td></tr>
<tr>
<td title='testing_baba_test.TestingBaba_Main_Test.VerifyYearsofFoundation()'><b>VerifyYearsofFoundation</b><br>Test class: testing_baba_test.TestingBaba_Main_Test</td>
<td></td>
<td>8</td>
<td>testing_baba_test.TestingBaba_Main_Test@2d710f1a</td></tr>
<tr>
<td title='testing_baba_test.TestingBaba_Main_Test.VerifyContentofOurPlacement()'><b>VerifyContentofOurPlacement</b><br>Test class: testing_baba_test.TestingBaba_Main_Test</td>
<td></td>
<td>4</td>
<td>testing_baba_test.TestingBaba_Main_Test@2d710f1a</td></tr>
<tr>
<td title='testing_baba_test.TestingBaba_Main_Test.ValidateNewBatch()'><b>ValidateNewBatch</b><br>Test class: testing_baba_test.TestingBaba_Main_Test</td>
<td></td>
<td>17</td>
<td>testing_baba_test.TestingBaba_Main_Test@2d710f1a</td></tr>
<tr>
<td title='testing_baba_test.TestingBaba_Main_Test.VerifyStudents()'><b>VerifyStudents</b><br>Test class: testing_baba_test.TestingBaba_Main_Test</td>
<td></td>
<td>8</td>
<td>testing_baba_test.TestingBaba_Main_Test@2d710f1a</td></tr>
<tr>
<td title='testing_baba_test.TestingBaba_Main_Test.ScrollDowntoOurAchievement()'><b>ScrollDowntoOurAchievement</b><br>Test class: testing_baba_test.TestingBaba_Main_Test</td>
<td></td>
<td>4</td>
<td>testing_baba_test.TestingBaba_Main_Test@2d710f1a</td></tr>
<tr>
<td title='testing_baba_test.TestingBaba_Main_Test.VerifyOurAchiementText()'><b>VerifyOurAchiementText</b><br>Test class: testing_baba_test.TestingBaba_Main_Test</td>
<td></td>
<td>4</td>
<td>testing_baba_test.TestingBaba_Main_Test@2d710f1a</td></tr>
</table><p>
</body>
</html>