<?xml version="1.0" encoding="UTF-8"?>
<!-- Generated by org.testng.reporters.JUnitXMLReporter -->
<testsuite ignored="41" hostname="DESKTOP-RVFIE5L" failures="8" tests="8" name="Default test(failed)" time="34.136" errors="0" timestamp="2022-08-13T16:30:31 IST">
  <testcase classname="testing_baba_test.Testing_baba_Practice_test" name="invalidemail" time="0.26">
    <failure type="org.openqa.selenium.ElementNotInteractableException" message="element not interactable
  (Session info: chrome=104.0.5112.81)
Build info: version: &amp;apos;4.1.1&amp;apos;, revision: &amp;apos;e8fcc2cecf&amp;apos;
System info: host: &amp;apos;DESKTOP-RVFIE5L&amp;apos;, ip: &amp;apos;192.168.235.3&amp;apos;, os.name: &amp;apos;Windows 10&amp;apos;, os.arch: &amp;apos;amd64&amp;apos;, os.version: &amp;apos;10.0&amp;apos;, java.version: &amp;apos;17.0.3&amp;apos;
Driver info: org.openqa.selenium.chrome.ChromeDriver
Command: [a7798d8ebd9dc399a1ad4662b1001d66, clearElement {id=40495287-4744-4284-9160-59fdb1a2066a}]
Capabilities {acceptInsecureCerts: false, browserName: chrome, browserVersion: 104.0.5112.81, chrome: {chromedriverVersion: 104.0.5112.79 (3cf3e8c8a07d..., userDataDir: C:\Users\Asus\AppData\Local...}, goog:chromeOptions: {debuggerAddress: localhost:53287}, javascriptEnabled: true, networkConnectionEnabled: false, pageLoadStrategy: normal, platform: WINDOWS, platformName: WINDOWS, proxy: Proxy(), se:cdp: ws://localhost:53287/devtoo..., se:cdpVersion: 104.0.5112.81, setWindowRect: true, strictFileInteractability: false, timeouts: {implicit: 0, pageLoad: 300000, script: 30000}, unhandledPromptBehavior: dismiss and notify, webauthn:extension:credBlob: true, webauthn:extension:largeBlob: true, webauthn:virtualAuthenticators: true}
Element: [[ChromeDriver: chrome on WINDOWS (a7798d8ebd9dc399a1ad4662b1001d66)] -&amp;gt; xpath: //input[@id=&amp;apos;fullname1&amp;apos;]]
Session ID: a7798d8ebd9dc399a1ad4662b1001d66">
      <![CDATA[org.openqa.selenium.ElementNotInteractableException: element not interactable
  (Session info: chrome=104.0.5112.81)
Build info: version: '4.1.1', revision: 'e8fcc2cecf'
System info: host: 'DESKTOP-RVFIE5L', ip: '192.168.235.3', os.name: 'Windows 10', os.arch: 'amd64', os.version: '10.0', java.version: '17.0.3'
Driver info: org.openqa.selenium.chrome.ChromeDriver
Command: [a7798d8ebd9dc399a1ad4662b1001d66, clearElement {id=40495287-4744-4284-9160-59fdb1a2066a}]
Capabilities {acceptInsecureCerts: false, browserName: chrome, browserVersion: 104.0.5112.81, chrome: {chromedriverVersion: 104.0.5112.79 (3cf3e8c8a07d..., userDataDir: C:\Users\Asus\AppData\Local...}, goog:chromeOptions: {debuggerAddress: localhost:53287}, javascriptEnabled: true, networkConnectionEnabled: false, pageLoadStrategy: normal, platform: WINDOWS, platformName: WINDOWS, proxy: Proxy(), se:cdp: ws://localhost:53287/devtoo..., se:cdpVersion: 104.0.5112.81, setWindowRect: true, strictFileInteractability: false, timeouts: {implicit: 0, pageLoad: 300000, script: 30000}, unhandledPromptBehavior: dismiss and notify, webauthn:extension:credBlob: true, webauthn:extension:largeBlob: true, webauthn:virtualAuthenticators: true}
Element: [[ChromeDriver: chrome on WINDOWS (a7798d8ebd9dc399a1ad4662b1001d66)] -> xpath: //input[@id='fullname1']]
Session ID: a7798d8ebd9dc399a1ad4662b1001d66
at org.openqa.selenium.remote.codec.w3c.W3CHttpResponseCodec.createException(W3CHttpResponseCodec.java:200)
at org.openqa.selenium.remote.codec.w3c.W3CHttpResponseCodec.decode(W3CHttpResponseCodec.java:133)
at org.openqa.selenium.remote.codec.w3c.W3CHttpResponseCodec.decode(W3CHttpResponseCodec.java:53)
at org.openqa.selenium.remote.HttpCommandExecutor.execute(HttpCommandExecutor.java:184)
at org.openqa.selenium.remote.service.DriverCommandExecutor.invokeExecute(DriverCommandExecutor.java:167)
at org.openqa.selenium.remote.service.DriverCommandExecutor.execute(DriverCommandExecutor.java:142)
at org.openqa.selenium.remote.RemoteWebDriver.execute(RemoteWebDriver.java:543)
at org.openqa.selenium.remote.RemoteWebElement.execute(RemoteWebElement.java:251)
at org.openqa.selenium.remote.RemoteWebElement.clear(RemoteWebElement.java:126)
at org.openqa.selenium.support.pagefactory.internal.LocatingElementHandler.invoke(LocatingElementHandler.java:52)
at jdk.proxy2/jdk.proxy2.$Proxy15.clear(Unknown Source)
at testing_baba_page.Testing_baba_Practice_page.invalidemail(Testing_baba_Practice_page.java:287)
at testing_baba_test.Testing_baba_Practice_test.invalidemail(Testing_baba_Practice_test.java:62)
at java.base/java.util.ArrayList.forEach(ArrayList.java:1511)
... Removed 36 stack frames]]>
    </failure>
  </testcase> <!-- invalidemail -->
  <testcase classname="testing_baba_test.Testing_baba_Practice_test" name="invalidusername" time="0.063">
    <failure type="org.openqa.selenium.ElementNotInteractableException" message="element not interactable
  (Session info: chrome=104.0.5112.81)
Build info: version: &amp;apos;4.1.1&amp;apos;, revision: &amp;apos;e8fcc2cecf&amp;apos;
System info: host: &amp;apos;DESKTOP-RVFIE5L&amp;apos;, ip: &amp;apos;192.168.235.3&amp;apos;, os.name: &amp;apos;Windows 10&amp;apos;, os.arch: &amp;apos;amd64&amp;apos;, os.version: &amp;apos;10.0&amp;apos;, java.version: &amp;apos;17.0.3&amp;apos;
Driver info: org.openqa.selenium.chrome.ChromeDriver
Command: [a7798d8ebd9dc399a1ad4662b1001d66, clearElement {id=40495287-4744-4284-9160-59fdb1a2066a}]
Capabilities {acceptInsecureCerts: false, browserName: chrome, browserVersion: 104.0.5112.81, chrome: {chromedriverVersion: 104.0.5112.79 (3cf3e8c8a07d..., userDataDir: C:\Users\Asus\AppData\Local...}, goog:chromeOptions: {debuggerAddress: localhost:53287}, javascriptEnabled: true, networkConnectionEnabled: false, pageLoadStrategy: normal, platform: WINDOWS, platformName: WINDOWS, proxy: Proxy(), se:cdp: ws://localhost:53287/devtoo..., se:cdpVersion: 104.0.5112.81, setWindowRect: true, strictFileInteractability: false, timeouts: {implicit: 0, pageLoad: 300000, script: 30000}, unhandledPromptBehavior: dismiss and notify, webauthn:extension:credBlob: true, webauthn:extension:largeBlob: true, webauthn:virtualAuthenticators: true}
Element: [[ChromeDriver: chrome on WINDOWS (a7798d8ebd9dc399a1ad4662b1001d66)] -&amp;gt; xpath: //input[@id=&amp;apos;fullname1&amp;apos;]]
Session ID: a7798d8ebd9dc399a1ad4662b1001d66">
      <![CDATA[org.openqa.selenium.ElementNotInteractableException: element not interactable
  (Session info: chrome=104.0.5112.81)
Build info: version: '4.1.1', revision: 'e8fcc2cecf'
System info: host: 'DESKTOP-RVFIE5L', ip: '192.168.235.3', os.name: 'Windows 10', os.arch: 'amd64', os.version: '10.0', java.version: '17.0.3'
Driver info: org.openqa.selenium.chrome.ChromeDriver
Command: [a7798d8ebd9dc399a1ad4662b1001d66, clearElement {id=40495287-4744-4284-9160-59fdb1a2066a}]
Capabilities {acceptInsecureCerts: false, browserName: chrome, browserVersion: 104.0.5112.81, chrome: {chromedriverVersion: 104.0.5112.79 (3cf3e8c8a07d..., userDataDir: C:\Users\Asus\AppData\Local...}, goog:chromeOptions: {debuggerAddress: localhost:53287}, javascriptEnabled: true, networkConnectionEnabled: false, pageLoadStrategy: normal, platform: WINDOWS, platformName: WINDOWS, proxy: Proxy(), se:cdp: ws://localhost:53287/devtoo..., se:cdpVersion: 104.0.5112.81, setWindowRect: true, strictFileInteractability: false, timeouts: {implicit: 0, pageLoad: 300000, script: 30000}, unhandledPromptBehavior: dismiss and notify, webauthn:extension:credBlob: true, webauthn:extension:largeBlob: true, webauthn:virtualAuthenticators: true}
Element: [[ChromeDriver: chrome on WINDOWS (a7798d8ebd9dc399a1ad4662b1001d66)] -> xpath: //input[@id='fullname1']]
Session ID: a7798d8ebd9dc399a1ad4662b1001d66
at org.openqa.selenium.remote.codec.w3c.W3CHttpResponseCodec.createException(W3CHttpResponseCodec.java:200)
at org.openqa.selenium.remote.codec.w3c.W3CHttpResponseCodec.decode(W3CHttpResponseCodec.java:133)
at org.openqa.selenium.remote.codec.w3c.W3CHttpResponseCodec.decode(W3CHttpResponseCodec.java:53)
at org.openqa.selenium.remote.HttpCommandExecutor.execute(HttpCommandExecutor.java:184)
at org.openqa.selenium.remote.service.DriverCommandExecutor.invokeExecute(DriverCommandExecutor.java:167)
at org.openqa.selenium.remote.service.DriverCommandExecutor.execute(DriverCommandExecutor.java:142)
at org.openqa.selenium.remote.RemoteWebDriver.execute(RemoteWebDriver.java:543)
at org.openqa.selenium.remote.RemoteWebElement.execute(RemoteWebElement.java:251)
at org.openqa.selenium.remote.RemoteWebElement.clear(RemoteWebElement.java:126)
at org.openqa.selenium.support.pagefactory.internal.LocatingElementHandler.invoke(LocatingElementHandler.java:52)
at jdk.proxy2/jdk.proxy2.$Proxy15.clear(Unknown Source)
at testing_baba_page.Testing_baba_Practice_page.invalidusername(Testing_baba_Practice_page.java:306)
at testing_baba_test.Testing_baba_Practice_test.invalidusername(Testing_baba_Practice_test.java:68)
at java.base/java.util.ArrayList.forEach(ArrayList.java:1511)
... Removed 36 stack frames]]>
    </failure>
  </testcase> <!-- invalidusername -->
  <testcase classname="testing_baba_test.Testing_baba_Practice_test" name="name" time="0.186">
    <failure type="org.openqa.selenium.ElementNotInteractableException" message="element not interactable
  (Session info: chrome=104.0.5112.81)
Build info: version: &amp;apos;4.1.1&amp;apos;, revision: &amp;apos;e8fcc2cecf&amp;apos;
System info: host: &amp;apos;DESKTOP-RVFIE5L&amp;apos;, ip: &amp;apos;192.168.235.3&amp;apos;, os.name: &amp;apos;Windows 10&amp;apos;, os.arch: &amp;apos;amd64&amp;apos;, os.version: &amp;apos;10.0&amp;apos;, java.version: &amp;apos;17.0.3&amp;apos;
Driver info: org.openqa.selenium.chrome.ChromeDriver
Command: [a7798d8ebd9dc399a1ad4662b1001d66, clearElement {id=40495287-4744-4284-9160-59fdb1a2066a}]
Capabilities {acceptInsecureCerts: false, browserName: chrome, browserVersion: 104.0.5112.81, chrome: {chromedriverVersion: 104.0.5112.79 (3cf3e8c8a07d..., userDataDir: C:\Users\Asus\AppData\Local...}, goog:chromeOptions: {debuggerAddress: localhost:53287}, javascriptEnabled: true, networkConnectionEnabled: false, pageLoadStrategy: normal, platform: WINDOWS, platformName: WINDOWS, proxy: Proxy(), se:cdp: ws://localhost:53287/devtoo..., se:cdpVersion: 104.0.5112.81, setWindowRect: true, strictFileInteractability: false, timeouts: {implicit: 0, pageLoad: 300000, script: 30000}, unhandledPromptBehavior: dismiss and notify, webauthn:extension:credBlob: true, webauthn:extension:largeBlob: true, webauthn:virtualAuthenticators: true}
Element: [[ChromeDriver: chrome on WINDOWS (a7798d8ebd9dc399a1ad4662b1001d66)] -&amp;gt; xpath: //input[@id=&amp;apos;fullname1&amp;apos;]]
Session ID: a7798d8ebd9dc399a1ad4662b1001d66">
      <![CDATA[org.openqa.selenium.ElementNotInteractableException: element not interactable
  (Session info: chrome=104.0.5112.81)
Build info: version: '4.1.1', revision: 'e8fcc2cecf'
System info: host: 'DESKTOP-RVFIE5L', ip: '192.168.235.3', os.name: 'Windows 10', os.arch: 'amd64', os.version: '10.0', java.version: '17.0.3'
Driver info: org.openqa.selenium.chrome.ChromeDriver
Command: [a7798d8ebd9dc399a1ad4662b1001d66, clearElement {id=40495287-4744-4284-9160-59fdb1a2066a}]
Capabilities {acceptInsecureCerts: false, browserName: chrome, browserVersion: 104.0.5112.81, chrome: {chromedriverVersion: 104.0.5112.79 (3cf3e8c8a07d..., userDataDir: C:\Users\Asus\AppData\Local...}, goog:chromeOptions: {debuggerAddress: localhost:53287}, javascriptEnabled: true, networkConnectionEnabled: false, pageLoadStrategy: normal, platform: WINDOWS, platformName: WINDOWS, proxy: Proxy(), se:cdp: ws://localhost:53287/devtoo..., se:cdpVersion: 104.0.5112.81, setWindowRect: true, strictFileInteractability: false, timeouts: {implicit: 0, pageLoad: 300000, script: 30000}, unhandledPromptBehavior: dismiss and notify, webauthn:extension:credBlob: true, webauthn:extension:largeBlob: true, webauthn:virtualAuthenticators: true}
Element: [[ChromeDriver: chrome on WINDOWS (a7798d8ebd9dc399a1ad4662b1001d66)] -> xpath: //input[@id='fullname1']]
Session ID: a7798d8ebd9dc399a1ad4662b1001d66
at org.openqa.selenium.remote.codec.w3c.W3CHttpResponseCodec.createException(W3CHttpResponseCodec.java:200)
at org.openqa.selenium.remote.codec.w3c.W3CHttpResponseCodec.decode(W3CHttpResponseCodec.java:133)
at org.openqa.selenium.remote.codec.w3c.W3CHttpResponseCodec.decode(W3CHttpResponseCodec.java:53)
at org.openqa.selenium.remote.HttpCommandExecutor.execute(HttpCommandExecutor.java:184)
at org.openqa.selenium.remote.service.DriverCommandExecutor.invokeExecute(DriverCommandExecutor.java:167)
at org.openqa.selenium.remote.service.DriverCommandExecutor.execute(DriverCommandExecutor.java:142)
at org.openqa.selenium.remote.RemoteWebDriver.execute(RemoteWebDriver.java:543)
at org.openqa.selenium.remote.RemoteWebElement.execute(RemoteWebElement.java:251)
at org.openqa.selenium.remote.RemoteWebElement.clear(RemoteWebElement.java:126)
at org.openqa.selenium.support.pagefactory.internal.LocatingElementHandler.invoke(LocatingElementHandler.java:52)
at jdk.proxy2/jdk.proxy2.$Proxy15.clear(Unknown Source)
at testing_baba_page.Testing_baba_Practice_page.name(Testing_baba_Practice_page.java:323)
at testing_baba_test.Testing_baba_Practice_test.name(Testing_baba_Practice_test.java:74)
at java.base/java.util.ArrayList.forEach(ArrayList.java:1511)
... Removed 36 stack frames]]>
    </failure>
  </testcase> <!-- name -->
  <testcase classname="testing_baba_test.Testing_baba_Practice_test" name="gmail" time="0.063">
    <failure type="org.openqa.selenium.ElementNotInteractableException" message="element not interactable
  (Session info: chrome=104.0.5112.81)
Build info: version: &amp;apos;4.1.1&amp;apos;, revision: &amp;apos;e8fcc2cecf&amp;apos;
System info: host: &amp;apos;DESKTOP-RVFIE5L&amp;apos;, ip: &amp;apos;192.168.235.3&amp;apos;, os.name: &amp;apos;Windows 10&amp;apos;, os.arch: &amp;apos;amd64&amp;apos;, os.version: &amp;apos;10.0&amp;apos;, java.version: &amp;apos;17.0.3&amp;apos;
Driver info: org.openqa.selenium.chrome.ChromeDriver
Command: [a7798d8ebd9dc399a1ad4662b1001d66, clearElement {id=40495287-4744-4284-9160-59fdb1a2066a}]
Capabilities {acceptInsecureCerts: false, browserName: chrome, browserVersion: 104.0.5112.81, chrome: {chromedriverVersion: 104.0.5112.79 (3cf3e8c8a07d..., userDataDir: C:\Users\Asus\AppData\Local...}, goog:chromeOptions: {debuggerAddress: localhost:53287}, javascriptEnabled: true, networkConnectionEnabled: false, pageLoadStrategy: normal, platform: WINDOWS, platformName: WINDOWS, proxy: Proxy(), se:cdp: ws://localhost:53287/devtoo..., se:cdpVersion: 104.0.5112.81, setWindowRect: true, strictFileInteractability: false, timeouts: {implicit: 0, pageLoad: 300000, script: 30000}, unhandledPromptBehavior: dismiss and notify, webauthn:extension:credBlob: true, webauthn:extension:largeBlob: true, webauthn:virtualAuthenticators: true}
Element: [[ChromeDriver: chrome on WINDOWS (a7798d8ebd9dc399a1ad4662b1001d66)] -&amp;gt; xpath: //input[@id=&amp;apos;fullname1&amp;apos;]]
Session ID: a7798d8ebd9dc399a1ad4662b1001d66">
      <![CDATA[org.openqa.selenium.ElementNotInteractableException: element not interactable
  (Session info: chrome=104.0.5112.81)
Build info: version: '4.1.1', revision: 'e8fcc2cecf'
System info: host: 'DESKTOP-RVFIE5L', ip: '192.168.235.3', os.name: 'Windows 10', os.arch: 'amd64', os.version: '10.0', java.version: '17.0.3'
Driver info: org.openqa.selenium.chrome.ChromeDriver
Command: [a7798d8ebd9dc399a1ad4662b1001d66, clearElement {id=40495287-4744-4284-9160-59fdb1a2066a}]
Capabilities {acceptInsecureCerts: false, browserName: chrome, browserVersion: 104.0.5112.81, chrome: {chromedriverVersion: 104.0.5112.79 (3cf3e8c8a07d..., userDataDir: C:\Users\Asus\AppData\Local...}, goog:chromeOptions: {debuggerAddress: localhost:53287}, javascriptEnabled: true, networkConnectionEnabled: false, pageLoadStrategy: normal, platform: WINDOWS, platformName: WINDOWS, proxy: Proxy(), se:cdp: ws://localhost:53287/devtoo..., se:cdpVersion: 104.0.5112.81, setWindowRect: true, strictFileInteractability: false, timeouts: {implicit: 0, pageLoad: 300000, script: 30000}, unhandledPromptBehavior: dismiss and notify, webauthn:extension:credBlob: true, webauthn:extension:largeBlob: true, webauthn:virtualAuthenticators: true}
Element: [[ChromeDriver: chrome on WINDOWS (a7798d8ebd9dc399a1ad4662b1001d66)] -> xpath: //input[@id='fullname1']]
Session ID: a7798d8ebd9dc399a1ad4662b1001d66
at org.openqa.selenium.remote.codec.w3c.W3CHttpResponseCodec.createException(W3CHttpResponseCodec.java:200)
at org.openqa.selenium.remote.codec.w3c.W3CHttpResponseCodec.decode(W3CHttpResponseCodec.java:133)
at org.openqa.selenium.remote.codec.w3c.W3CHttpResponseCodec.decode(W3CHttpResponseCodec.java:53)
at org.openqa.selenium.remote.HttpCommandExecutor.execute(HttpCommandExecutor.java:184)
at org.openqa.selenium.remote.service.DriverCommandExecutor.invokeExecute(DriverCommandExecutor.java:167)
at org.openqa.selenium.remote.service.DriverCommandExecutor.execute(DriverCommandExecutor.java:142)
at org.openqa.selenium.remote.RemoteWebDriver.execute(RemoteWebDriver.java:543)
at org.openqa.selenium.remote.RemoteWebElement.execute(RemoteWebElement.java:251)
at org.openqa.selenium.remote.RemoteWebElement.clear(RemoteWebElement.java:126)
at org.openqa.selenium.support.pagefactory.internal.LocatingElementHandler.invoke(LocatingElementHandler.java:52)
at jdk.proxy2/jdk.proxy2.$Proxy15.clear(Unknown Source)
at testing_baba_page.Testing_baba_Practice_page.gmail(Testing_baba_Practice_page.java:341)
at testing_baba_test.Testing_baba_Practice_test.gmail(Testing_baba_Practice_test.java:80)
at java.base/java.util.ArrayList.forEach(ArrayList.java:1511)
... Removed 36 stack frames]]>
    </failure>
  </testcase> <!-- gmail -->
  <testcase classname="testing_baba_test.Testing_baba_Practice_test" name="updatewrongfile" time="0.102">
    <failure type="org.openqa.selenium.NoAlertPresentException" message="no such alert
  (Session info: chrome=104.0.5112.81)
Build info: version: &amp;apos;4.1.1&amp;apos;, revision: &amp;apos;e8fcc2cecf&amp;apos;
System info: host: &amp;apos;DESKTOP-RVFIE5L&amp;apos;, ip: &amp;apos;192.168.235.3&amp;apos;, os.name: &amp;apos;Windows 10&amp;apos;, os.arch: &amp;apos;amd64&amp;apos;, os.version: &amp;apos;10.0&amp;apos;, java.version: &amp;apos;17.0.3&amp;apos;
Driver info: org.openqa.selenium.chrome.ChromeDriver
Command: [a7798d8ebd9dc399a1ad4662b1001d66, getAlertText {}]
Capabilities {acceptInsecureCerts: false, browserName: chrome, browserVersion: 104.0.5112.81, chrome: {chromedriverVersion: 104.0.5112.79 (3cf3e8c8a07d..., userDataDir: C:\Users\Asus\AppData\Local...}, goog:chromeOptions: {debuggerAddress: localhost:53287}, javascriptEnabled: true, networkConnectionEnabled: false, pageLoadStrategy: normal, platform: WINDOWS, platformName: WINDOWS, proxy: Proxy(), se:cdp: ws://localhost:53287/devtoo..., se:cdpVersion: 104.0.5112.81, setWindowRect: true, strictFileInteractability: false, timeouts: {implicit: 0, pageLoad: 300000, script: 30000}, unhandledPromptBehavior: dismiss and notify, webauthn:extension:credBlob: true, webauthn:extension:largeBlob: true, webauthn:virtualAuthenticators: true}
Session ID: a7798d8ebd9dc399a1ad4662b1001d66">
      <![CDATA[org.openqa.selenium.NoAlertPresentException: no such alert
  (Session info: chrome=104.0.5112.81)
Build info: version: '4.1.1', revision: 'e8fcc2cecf'
System info: host: 'DESKTOP-RVFIE5L', ip: '192.168.235.3', os.name: 'Windows 10', os.arch: 'amd64', os.version: '10.0', java.version: '17.0.3'
Driver info: org.openqa.selenium.chrome.ChromeDriver
Command: [a7798d8ebd9dc399a1ad4662b1001d66, getAlertText {}]
Capabilities {acceptInsecureCerts: false, browserName: chrome, browserVersion: 104.0.5112.81, chrome: {chromedriverVersion: 104.0.5112.79 (3cf3e8c8a07d..., userDataDir: C:\Users\Asus\AppData\Local...}, goog:chromeOptions: {debuggerAddress: localhost:53287}, javascriptEnabled: true, networkConnectionEnabled: false, pageLoadStrategy: normal, platform: WINDOWS, platformName: WINDOWS, proxy: Proxy(), se:cdp: ws://localhost:53287/devtoo..., se:cdpVersion: 104.0.5112.81, setWindowRect: true, strictFileInteractability: false, timeouts: {implicit: 0, pageLoad: 300000, script: 30000}, unhandledPromptBehavior: dismiss and notify, webauthn:extension:credBlob: true, webauthn:extension:largeBlob: true, webauthn:virtualAuthenticators: true}
Session ID: a7798d8ebd9dc399a1ad4662b1001d66
at org.openqa.selenium.remote.codec.w3c.W3CHttpResponseCodec.createException(W3CHttpResponseCodec.java:200)
at org.openqa.selenium.remote.codec.w3c.W3CHttpResponseCodec.decode(W3CHttpResponseCodec.java:133)
at org.openqa.selenium.remote.codec.w3c.W3CHttpResponseCodec.decode(W3CHttpResponseCodec.java:53)
at org.openqa.selenium.remote.HttpCommandExecutor.execute(HttpCommandExecutor.java:184)
at org.openqa.selenium.remote.service.DriverCommandExecutor.invokeExecute(DriverCommandExecutor.java:167)
at org.openqa.selenium.remote.service.DriverCommandExecutor.execute(DriverCommandExecutor.java:142)
at org.openqa.selenium.remote.RemoteWebDriver.execute(RemoteWebDriver.java:543)
at org.openqa.selenium.remote.RemoteWebDriver.execute(RemoteWebDriver.java:598)
at org.openqa.selenium.remote.RemoteWebDriver.execute(RemoteWebDriver.java:602)
at org.openqa.selenium.remote.RemoteWebDriver$RemoteTargetLocator.alert(RemoteWebDriver.java:1095)
at testing_baba_page.Testing_baba_Practice_page.updatewrongfile(Testing_baba_Practice_page.java:517)
at testing_baba_test.Testing_baba_Practice_test.updatewrongfile(Testing_baba_Practice_test.java:188)
at java.base/java.util.ArrayList.forEach(ArrayList.java:1511)
... Removed 32 stack frames]]>
    </failure>
  </testcase> <!-- updatewrongfile -->
  <testcase classname="testing_baba_test.Testing_baba_Practice_test" name="clickonbrokenimage" time="1.235">
    <failure type="org.openqa.selenium.ElementNotInteractableException" message="element not interactable
  (Session info: chrome=104.0.5112.81)
Build info: version: &amp;apos;4.1.1&amp;apos;, revision: &amp;apos;e8fcc2cecf&amp;apos;
System info: host: &amp;apos;DESKTOP-RVFIE5L&amp;apos;, ip: &amp;apos;192.168.235.3&amp;apos;, os.name: &amp;apos;Windows 10&amp;apos;, os.arch: &amp;apos;amd64&amp;apos;, os.version: &amp;apos;10.0&amp;apos;, java.version: &amp;apos;17.0.3&amp;apos;
Driver info: org.openqa.selenium.chrome.ChromeDriver
Command: [a7798d8ebd9dc399a1ad4662b1001d66, clickElement {id=8ccfb371-2cea-4ab4-b0f8-16d4d1e13afc}]
Capabilities {acceptInsecureCerts: false, browserName: chrome, browserVersion: 104.0.5112.81, chrome: {chromedriverVersion: 104.0.5112.79 (3cf3e8c8a07d..., userDataDir: C:\Users\Asus\AppData\Local...}, goog:chromeOptions: {debuggerAddress: localhost:53287}, javascriptEnabled: true, networkConnectionEnabled: false, pageLoadStrategy: normal, platform: WINDOWS, platformName: WINDOWS, proxy: Proxy(), se:cdp: ws://localhost:53287/devtoo..., se:cdpVersion: 104.0.5112.81, setWindowRect: true, strictFileInteractability: false, timeouts: {implicit: 0, pageLoad: 300000, script: 30000}, unhandledPromptBehavior: dismiss and notify, webauthn:extension:credBlob: true, webauthn:extension:largeBlob: true, webauthn:virtualAuthenticators: true}
Element: [[ChromeDriver: chrome on WINDOWS (a7798d8ebd9dc399a1ad4662b1001d66)] -&amp;gt; xpath: //a[text()=&amp;apos;broken  - images&amp;apos;]]
Session ID: a7798d8ebd9dc399a1ad4662b1001d66">
      <![CDATA[org.openqa.selenium.ElementNotInteractableException: element not interactable
  (Session info: chrome=104.0.5112.81)
Build info: version: '4.1.1', revision: 'e8fcc2cecf'
System info: host: 'DESKTOP-RVFIE5L', ip: '192.168.235.3', os.name: 'Windows 10', os.arch: 'amd64', os.version: '10.0', java.version: '17.0.3'
Driver info: org.openqa.selenium.chrome.ChromeDriver
Command: [a7798d8ebd9dc399a1ad4662b1001d66, clickElement {id=8ccfb371-2cea-4ab4-b0f8-16d4d1e13afc}]
Capabilities {acceptInsecureCerts: false, browserName: chrome, browserVersion: 104.0.5112.81, chrome: {chromedriverVersion: 104.0.5112.79 (3cf3e8c8a07d..., userDataDir: C:\Users\Asus\AppData\Local...}, goog:chromeOptions: {debuggerAddress: localhost:53287}, javascriptEnabled: true, networkConnectionEnabled: false, pageLoadStrategy: normal, platform: WINDOWS, platformName: WINDOWS, proxy: Proxy(), se:cdp: ws://localhost:53287/devtoo..., se:cdpVersion: 104.0.5112.81, setWindowRect: true, strictFileInteractability: false, timeouts: {implicit: 0, pageLoad: 300000, script: 30000}, unhandledPromptBehavior: dismiss and notify, webauthn:extension:credBlob: true, webauthn:extension:largeBlob: true, webauthn:virtualAuthenticators: true}
Element: [[ChromeDriver: chrome on WINDOWS (a7798d8ebd9dc399a1ad4662b1001d66)] -> xpath: //a[text()='broken  - images']]
Session ID: a7798d8ebd9dc399a1ad4662b1001d66
at org.openqa.selenium.remote.codec.w3c.W3CHttpResponseCodec.createException(W3CHttpResponseCodec.java:200)
at org.openqa.selenium.remote.codec.w3c.W3CHttpResponseCodec.decode(W3CHttpResponseCodec.java:133)
at org.openqa.selenium.remote.codec.w3c.W3CHttpResponseCodec.decode(W3CHttpResponseCodec.java:53)
at org.openqa.selenium.remote.HttpCommandExecutor.execute(HttpCommandExecutor.java:184)
at org.openqa.selenium.remote.service.DriverCommandExecutor.invokeExecute(DriverCommandExecutor.java:167)
at org.openqa.selenium.remote.service.DriverCommandExecutor.execute(DriverCommandExecutor.java:142)
at org.openqa.selenium.remote.RemoteWebDriver.execute(RemoteWebDriver.java:543)
at org.openqa.selenium.remote.RemoteWebElement.execute(RemoteWebElement.java:251)
at org.openqa.selenium.remote.RemoteWebElement.click(RemoteWebElement.java:77)
at org.openqa.selenium.support.pagefactory.internal.LocatingElementHandler.invoke(LocatingElementHandler.java:52)
at jdk.proxy2/jdk.proxy2.$Proxy15.click(Unknown Source)
at testing_baba_page.Testing_baba_Practice_page.clickonbrokenimage(Testing_baba_Practice_page.java:537)
at testing_baba_test.Testing_baba_Practice_test.clickonbrokenimage(Testing_baba_Practice_test.java:200)
at java.base/java.util.ArrayList.forEach(ArrayList.java:1511)
... Removed 36 stack frames]]>
    </failure>
  </testcase> <!-- clickonbrokenimage -->
  <testcase classname="testing_baba_test.Testing_baba_Practice_test" name="clickonSlider" time="2.067">
    <failure type="org.openqa.selenium.ElementNotInteractableException" message="element not interactable
  (Session info: chrome=104.0.5112.81)
Build info: version: &amp;apos;4.1.1&amp;apos;, revision: &amp;apos;e8fcc2cecf&amp;apos;
System info: host: &amp;apos;DESKTOP-RVFIE5L&amp;apos;, ip: &amp;apos;192.168.235.3&amp;apos;, os.name: &amp;apos;Windows 10&amp;apos;, os.arch: &amp;apos;amd64&amp;apos;, os.version: &amp;apos;10.0&amp;apos;, java.version: &amp;apos;17.0.3&amp;apos;
Driver info: org.openqa.selenium.chrome.ChromeDriver
Command: [a7798d8ebd9dc399a1ad4662b1001d66, clickElement {id=e0130319-d98f-442e-91f6-61b14a2eeaf3}]
Capabilities {acceptInsecureCerts: false, browserName: chrome, browserVersion: 104.0.5112.81, chrome: {chromedriverVersion: 104.0.5112.79 (3cf3e8c8a07d..., userDataDir: C:\Users\Asus\AppData\Local...}, goog:chromeOptions: {debuggerAddress: localhost:53287}, javascriptEnabled: true, networkConnectionEnabled: false, pageLoadStrategy: normal, platform: WINDOWS, platformName: WINDOWS, proxy: Proxy(), se:cdp: ws://localhost:53287/devtoo..., se:cdpVersion: 104.0.5112.81, setWindowRect: true, strictFileInteractability: false, timeouts: {implicit: 0, pageLoad: 300000, script: 30000}, unhandledPromptBehavior: dismiss and notify, webauthn:extension:credBlob: true, webauthn:extension:largeBlob: true, webauthn:virtualAuthenticators: true}
Element: [[ChromeDriver: chrome on WINDOWS (a7798d8ebd9dc399a1ad4662b1001d66)] -&amp;gt; xpath: //a[text()=&amp;apos;slider&amp;apos;]]
Session ID: a7798d8ebd9dc399a1ad4662b1001d66">
      <![CDATA[org.openqa.selenium.ElementNotInteractableException: element not interactable
  (Session info: chrome=104.0.5112.81)
Build info: version: '4.1.1', revision: 'e8fcc2cecf'
System info: host: 'DESKTOP-RVFIE5L', ip: '192.168.235.3', os.name: 'Windows 10', os.arch: 'amd64', os.version: '10.0', java.version: '17.0.3'
Driver info: org.openqa.selenium.chrome.ChromeDriver
Command: [a7798d8ebd9dc399a1ad4662b1001d66, clickElement {id=e0130319-d98f-442e-91f6-61b14a2eeaf3}]
Capabilities {acceptInsecureCerts: false, browserName: chrome, browserVersion: 104.0.5112.81, chrome: {chromedriverVersion: 104.0.5112.79 (3cf3e8c8a07d..., userDataDir: C:\Users\Asus\AppData\Local...}, goog:chromeOptions: {debuggerAddress: localhost:53287}, javascriptEnabled: true, networkConnectionEnabled: false, pageLoadStrategy: normal, platform: WINDOWS, platformName: WINDOWS, proxy: Proxy(), se:cdp: ws://localhost:53287/devtoo..., se:cdpVersion: 104.0.5112.81, setWindowRect: true, strictFileInteractability: false, timeouts: {implicit: 0, pageLoad: 300000, script: 30000}, unhandledPromptBehavior: dismiss and notify, webauthn:extension:credBlob: true, webauthn:extension:largeBlob: true, webauthn:virtualAuthenticators: true}
Element: [[ChromeDriver: chrome on WINDOWS (a7798d8ebd9dc399a1ad4662b1001d66)] -> xpath: //a[text()='slider']]
Session ID: a7798d8ebd9dc399a1ad4662b1001d66
at org.openqa.selenium.remote.codec.w3c.W3CHttpResponseCodec.createException(W3CHttpResponseCodec.java:200)
at org.openqa.selenium.remote.codec.w3c.W3CHttpResponseCodec.decode(W3CHttpResponseCodec.java:133)
at org.openqa.selenium.remote.codec.w3c.W3CHttpResponseCodec.decode(W3CHttpResponseCodec.java:53)
at org.openqa.selenium.remote.HttpCommandExecutor.execute(HttpCommandExecutor.java:184)
at org.openqa.selenium.remote.service.DriverCommandExecutor.invokeExecute(DriverCommandExecutor.java:167)
at org.openqa.selenium.remote.service.DriverCommandExecutor.execute(DriverCommandExecutor.java:142)
at org.openqa.selenium.remote.RemoteWebDriver.execute(RemoteWebDriver.java:543)
at org.openqa.selenium.remote.RemoteWebElement.execute(RemoteWebElement.java:251)
at org.openqa.selenium.remote.RemoteWebElement.click(RemoteWebElement.java:77)
at org.openqa.selenium.support.pagefactory.internal.LocatingElementHandler.invoke(LocatingElementHandler.java:52)
at jdk.proxy2/jdk.proxy2.$Proxy15.click(Unknown Source)
at testing_baba_page.Testing_baba_Practice_page.clickonSlider(Testing_baba_Practice_page.java:721)
at testing_baba_test.Testing_baba_Practice_test.clickonSlider(Testing_baba_Practice_test.java:278)
at java.base/java.util.ArrayList.forEach(ArrayList.java:1511)
... Removed 36 stack frames]]>
    </failure>
  </testcase> <!-- clickonSlider -->
  <testcase classname="testing_baba_test.Testing_baba_Practice_test" name="clickonResizable" time="2.054">
    <failure type="org.openqa.selenium.ElementNotInteractableException" message="element not interactable
  (Session info: chrome=104.0.5112.81)
Build info: version: &amp;apos;4.1.1&amp;apos;, revision: &amp;apos;e8fcc2cecf&amp;apos;
System info: host: &amp;apos;DESKTOP-RVFIE5L&amp;apos;, ip: &amp;apos;192.168.235.3&amp;apos;, os.name: &amp;apos;Windows 10&amp;apos;, os.arch: &amp;apos;amd64&amp;apos;, os.version: &amp;apos;10.0&amp;apos;, java.version: &amp;apos;17.0.3&amp;apos;
Driver info: org.openqa.selenium.chrome.ChromeDriver
Command: [a7798d8ebd9dc399a1ad4662b1001d66, clickElement {id=30b74fcb-366c-48ed-8b5b-1d6e9dcd9f98}]
Capabilities {acceptInsecureCerts: false, browserName: chrome, browserVersion: 104.0.5112.81, chrome: {chromedriverVersion: 104.0.5112.79 (3cf3e8c8a07d..., userDataDir: C:\Users\Asus\AppData\Local...}, goog:chromeOptions: {debuggerAddress: localhost:53287}, javascriptEnabled: true, networkConnectionEnabled: false, pageLoadStrategy: normal, platform: WINDOWS, platformName: WINDOWS, proxy: Proxy(), se:cdp: ws://localhost:53287/devtoo..., se:cdpVersion: 104.0.5112.81, setWindowRect: true, strictFileInteractability: false, timeouts: {implicit: 0, pageLoad: 300000, script: 30000}, unhandledPromptBehavior: dismiss and notify, webauthn:extension:credBlob: true, webauthn:extension:largeBlob: true, webauthn:virtualAuthenticators: true}
Element: [[ChromeDriver: chrome on WINDOWS (a7798d8ebd9dc399a1ad4662b1001d66)] -&amp;gt; xpath: //a[text()=&amp;apos;resizable&amp;apos;]]
Session ID: a7798d8ebd9dc399a1ad4662b1001d66">
      <![CDATA[org.openqa.selenium.ElementNotInteractableException: element not interactable
  (Session info: chrome=104.0.5112.81)
Build info: version: '4.1.1', revision: 'e8fcc2cecf'
System info: host: 'DESKTOP-RVFIE5L', ip: '192.168.235.3', os.name: 'Windows 10', os.arch: 'amd64', os.version: '10.0', java.version: '17.0.3'
Driver info: org.openqa.selenium.chrome.ChromeDriver
Command: [a7798d8ebd9dc399a1ad4662b1001d66, clickElement {id=30b74fcb-366c-48ed-8b5b-1d6e9dcd9f98}]
Capabilities {acceptInsecureCerts: false, browserName: chrome, browserVersion: 104.0.5112.81, chrome: {chromedriverVersion: 104.0.5112.79 (3cf3e8c8a07d..., userDataDir: C:\Users\Asus\AppData\Local...}, goog:chromeOptions: {debuggerAddress: localhost:53287}, javascriptEnabled: true, networkConnectionEnabled: false, pageLoadStrategy: normal, platform: WINDOWS, platformName: WINDOWS, proxy: Proxy(), se:cdp: ws://localhost:53287/devtoo..., se:cdpVersion: 104.0.5112.81, setWindowRect: true, strictFileInteractability: false, timeouts: {implicit: 0, pageLoad: 300000, script: 30000}, unhandledPromptBehavior: dismiss and notify, webauthn:extension:credBlob: true, webauthn:extension:largeBlob: true, webauthn:virtualAuthenticators: true}
Element: [[ChromeDriver: chrome on WINDOWS (a7798d8ebd9dc399a1ad4662b1001d66)] -> xpath: //a[text()='resizable']]
Session ID: a7798d8ebd9dc399a1ad4662b1001d66
at org.openqa.selenium.remote.codec.w3c.W3CHttpResponseCodec.createException(W3CHttpResponseCodec.java:200)
at org.openqa.selenium.remote.codec.w3c.W3CHttpResponseCodec.decode(W3CHttpResponseCodec.java:133)
at org.openqa.selenium.remote.codec.w3c.W3CHttpResponseCodec.decode(W3CHttpResponseCodec.java:53)
at org.openqa.selenium.remote.HttpCommandExecutor.execute(HttpCommandExecutor.java:184)
at org.openqa.selenium.remote.service.DriverCommandExecutor.invokeExecute(DriverCommandExecutor.java:167)
at org.openqa.selenium.remote.service.DriverCommandExecutor.execute(DriverCommandExecutor.java:142)
at org.openqa.selenium.remote.RemoteWebDriver.execute(RemoteWebDriver.java:543)
at org.openqa.selenium.remote.RemoteWebElement.execute(RemoteWebElement.java:251)
at org.openqa.selenium.remote.RemoteWebElement.click(RemoteWebElement.java:77)
at org.openqa.selenium.support.pagefactory.internal.LocatingElementHandler.invoke(LocatingElementHandler.java:52)
at jdk.proxy2/jdk.proxy2.$Proxy15.click(Unknown Source)
at testing_baba_page.Testing_baba_Practice_page.clickonResizable(Testing_baba_Practice_page.java:842)
at testing_baba_test.Testing_baba_Practice_test.clickonResizable(Testing_baba_Practice_test.java:320)
at java.base/java.util.ArrayList.forEach(ArrayList.java:1511)
... Removed 36 stack frames]]>
    </failure>
  </testcase> <!-- clickonResizable -->
  <testcase classname="testing_baba_test.Testing_baba_Practice_test" name="deletewebtabledata" time="0.0">
    <ignored/>
  </testcase> <!-- deletewebtabledata -->
  <testcase classname="testing_baba_test.Testing_baba_Practice_test" name="uploadfile" time="0.0">
    <ignored/>
  </testcase> <!-- uploadfile -->
  <testcase classname="testing_baba_test.Testing_baba_Practice_test" name="clickondoubleclick" time="0.0">
    <ignored/>
  </testcase> <!-- clickondoubleclick -->
  <testcase classname="testing_baba_test.Testing_baba_Practice_test" name="webtabledetails" time="0.0">
    <ignored/>
  </testcase> <!-- webtabledetails -->
  <testcase classname="testing_baba_test.Testing_baba_Practice_test" name="clickOnElement" time="0.0">
    <ignored/>
  </testcase> <!-- clickOnElement -->
  <testcase classname="testing_baba_test.Testing_baba_Practice_test" name="clickonuploaddownloadf" time="0.0">
    <ignored/>
  </testcase> <!-- clickonuploaddownloadf -->
  <testcase classname="testing_baba_test.Testing_baba_Practice_test" name="webinvalidemail" time="0.0">
    <ignored/>
  </testcase> <!-- webinvalidemail -->
  <testcase classname="testing_baba_test.Testing_baba_Practice_test" name="clickonalertswindow" time="0.0">
    <ignored/>
  </testcase> <!-- clickonalertswindow -->
  <testcase classname="testing_baba_test.Testing_baba_Practice_test" name="ClickOnTextbox" time="0.0">
    <ignored/>
  </testcase> <!-- ClickOnTextbox -->
  <testcase classname="testing_baba_test.Testing_baba_Practice_test" name="clickontooltip" time="0.0">
    <ignored/>
  </testcase> <!-- clickontooltip -->
  <testcase classname="testing_baba_test.Testing_baba_Practice_test" name="data2" time="0.0">
    <ignored/>
  </testcase> <!-- data2 -->
  <testcase classname="testing_baba_test.Testing_baba_Practice_test" name="data3" time="0.0">
    <ignored/>
  </testcase> <!-- data3 -->
  <testcase classname="testing_baba_test.Testing_baba_Practice_test" name="clickoncheckbox" time="0.0">
    <ignored/>
  </testcase> <!-- clickoncheckbox -->
  <testcase classname="testing_baba_test.Testing_baba_Practice_test" name="clickonnewWindow" time="0.0">
    <ignored/>
  </testcase> <!-- clickonnewWindow -->
  <testcase classname="testing_baba_test.Testing_baba_Practice_test" name="clickonSelectMenu" time="0.0">
    <ignored/>
  </testcase> <!-- clickonSelectMenu -->
  <testcase classname="testing_baba_test.Testing_baba_Practice_test" name="clickondownload" time="0.0">
    <ignored/>
  </testcase> <!-- clickondownload -->
  <testcase classname="testing_baba_test.Testing_baba_Practice_test" name="clickonNewtab" time="0.0">
    <ignored/>
  </testcase> <!-- clickonNewtab -->
  <testcase classname="testing_baba_test.Testing_baba_Practice_test" name="data1" time="0.0">
    <ignored/>
  </testcase> <!-- data1 -->
  <testcase classname="testing_baba_test.Testing_baba_Practice_test" name="findbrokenimage" time="0.0">
    <ignored/>
  </testcase> <!-- findbrokenimage -->
  <testcase classname="testing_baba_test.Testing_baba_Practice_test" name="clickonTabs" time="0.0">
    <ignored/>
  </testcase> <!-- clickonTabs -->
  <testcase classname="testing_baba_test.Testing_baba_Practice_test" name="clickonwidget" time="0.0">
    <ignored/>
  </testcase> <!-- clickonwidget -->
  <testcase classname="testing_baba_test.Testing_baba_Practice_test" name="clickonAutoComplete" time="0.0">
    <ignored/>
  </testcase> <!-- clickonAutoComplete -->
  <testcase classname="testing_baba_test.Testing_baba_Practice_test" name="webinvalidname" time="0.0">
    <ignored/>
  </testcase> <!-- webinvalidname -->
  <testcase classname="testing_baba_test.Testing_baba_Practice_test" name="clickonlaptop" time="0.0">
    <ignored/>
  </testcase> <!-- clickonlaptop -->
  <testcase classname="testing_baba_test.Testing_baba_Practice_test" name="clickondesktop" time="0.0">
    <ignored/>
  </testcase> <!-- clickondesktop -->
  <testcase classname="testing_baba_test.Testing_baba_Practice_test" name="editwebtable" time="0.0">
    <ignored/>
  </testcase> <!-- editwebtable -->
  <testcase classname="testing_baba_test.Testing_baba_Practice_test" name="clickonwebtable" time="0.0">
    <ignored/>
  </testcase> <!-- clickonwebtable -->
  <testcase classname="testing_baba_test.Testing_baba_Practice_test" name="clickonrightclick" time="0.0">
    <ignored/>
  </testcase> <!-- clickonrightclick -->
  <testcase classname="testing_baba_test.Testing_baba_Practice_test" name="clickonclickme" time="0.0">
    <ignored/>
  </testcase> <!-- clickonclickme -->
  <testcase classname="testing_baba_test.Testing_baba_Practice_test" name="clickonInteraction" time="0.0">
    <ignored/>
  </testcase> <!-- clickonInteraction -->
  <testcase classname="testing_baba_test.Testing_baba_Practice_test" name="clickonbutton" time="0.0">
    <ignored/>
  </testcase> <!-- clickonbutton -->
  <testcase classname="testing_baba_test.Testing_baba_Practice_test" name="clickonwindowbrowser" time="0.0">
    <ignored/>
  </testcase> <!-- clickonwindowbrowser -->
  <testcase classname="testing_baba_test.Testing_baba_Practice_test" name="webwithoutemail" time="0.0">
    <ignored/>
  </testcase> <!-- webwithoutemail -->
  <testcase classname="testing_baba_test.Testing_baba_Practice_test" name="clickonSmallModel" time="0.0">
    <ignored/>
  </testcase> <!-- clickonSmallModel -->
  <testcase classname="testing_baba_test.Testing_baba_Practice_test" name="data" time="0.0">
    <ignored/>
  </testcase> <!-- data -->
  <testcase classname="testing_baba_test.Testing_baba_Practice_test" name="clickonMenu" time="0.0">
    <ignored/>
  </testcase> <!-- clickonMenu -->
  <testcase classname="testing_baba_test.Testing_baba_Practice_test" name="clickonLargeModel" time="0.0">
    <ignored/>
  </testcase> <!-- clickonLargeModel -->
  <testcase classname="testing_baba_test.Testing_baba_Practice_test" name="clickonmodelDialog" time="0.0">
    <ignored/>
  </testcase> <!-- clickonmodelDialog -->
  <testcase classname="testing_baba_test.Testing_baba_Practice_test" name="alldetails" time="0.0">
    <ignored/>
  </testcase> <!-- alldetails -->
  <testcase classname="testing_baba_test.Testing_baba_Practice_test" name="clickonmobie" time="0.0">
    <ignored/>
  </testcase> <!-- clickonmobie -->
  <testcase classname="testing_baba_test.Testing_baba_Practice_test" name="clickonProgressBar" time="0.0">
    <ignored/>
  </testcase> <!-- clickonProgressBar -->
</testsuite> <!-- Default test(failed) -->
